Arguments: 
  /usr/local/bin/node /usr/local/bin/yarn add react-native-safe-area-view react-native-safe-area-context.

PATH: 
  /usr/local/bin:/usr/bin:/bin:/usr/sbin:/sbin:/Library/Apple/usr/bin

Yarn version: 
  1.22.19

Node version: 
  16.17.1

Platform: 
  darwin x64

Trace: 
  Error: https://registry.yarnpkg.com/react-native-safe-area-context.: Not found
      at Request.params.callback [as _callback] (/usr/local/lib/node_modules/yarn/lib/cli.js:66145:18)
      at Request.self.callback (/usr/local/lib/node_modules/yarn/lib/cli.js:140890:22)
      at Request.emit (node:events:513:28)
      at Request.<anonymous> (/usr/local/lib/node_modules/yarn/lib/cli.js:141862:10)
      at Request.emit (node:events:513:28)
      at IncomingMessage.<anonymous> (/usr/local/lib/node_modules/yarn/lib/cli.js:141784:12)
      at Object.onceWrapper (node:events:627:28)
      at IncomingMessage.emit (node:events:525:35)
      at endReadableNT (node:internal/streams/readable:1358:12)
      at processTicksAndRejections (node:internal/process/task_queues:83:21)

npm manifest: 
  {
    "name": "music_app",
    "version": "1.0.0",
    "main": "node_modules/expo/AppEntry.js",
    "scripts": {
      "start": "expo start",
      "android": "expo start --android",
      "ios": "expo start --ios",
      "web": "expo start --web"
    },
    "dependencies": {
      "@apollo/client": "^3.7.1",
      "@react-navigation/bottom-tabs": "^6.4.0",
      "@react-navigation/native-stack": "^6.9.1",
      "@react-navigation/native": "^6.0.13",
      "@react-navigation/stack": "^6.3.4",
      "@types/react": "~18.0.0",
      "@types/react-native": "~0.69.1",
      "expo": "~46.0.16",
      "expo-status-bar": "~1.4.0",
      "graphql": "^15.8.0",
      "react": "18.0.0",
      "react-native": "0.69.6",
      "react-native-gesture-handler": "~2.5.0",
      "react-native-safe-area-context": "^4.3.1",
      "react-native-screens": "~3.15.0",
      "react-native-vector-icons": "^9.2.0",
      "typescript": "^4.6.3"
    },
    "devDependencies": {
      "@babel/core": "^7.12.9",
      "@types/react": "~18.0.0"
    },
    "private": true
  }

yarn manifest: 
  No manifest

Lockfile: 
  No lockfile
